<?xml version="1.0" encoding="utf-8" ?>
<!DOCTYPE html PUBLIC "-//W3C//DTD XHTML 1.0 Strict//EN"
        "http://www.w3.org/TR/xhtml1/DTD/xhtml1-strict.dtd">
<html xmlns="http://www.w3.org/1999/xhtml" xml:lang="" lang="">
<head>
  <title>Test Results Report - Testsuite</title>
  <meta http-equiv="Content-Type" content="text/html;charset=utf-8" />
  <meta name="description" content="TestNG unit test results." />
  <link href="reportng.css" rel="stylesheet" type="text/css" />
    <script type="text/javascript" src="reportng.js"></script>
</head>
<body>
<h1>Testsuite</h1>
<p>
  Test duration: 189.066s
</p>



  <table class="resultsTable">
    <tr><th colspan="3" class="header failed">Failed Tests</th></tr>
          <tr>
        <td colspan="3" class="group">com.automation.testsuite.AccountPageTest</td>
      </tr>
            
<tr>
  <td class="method">
                  verifyThatUserShouldCreateAccountSuccessfully
      </td>
  <td class="duration">
    42.259s
  </td>
  <td class="result">
        
    
            <div class="testOutput">
                        Clicking on SignInHeader[[ChromeDriver: chrome on WINDOWS (9c16adfa17417ccf4d77800e2ffc638c)] -&gt; xpath: //a[contains(text(),&apos;Sign in&apos;)]]&lt;br&gt;<br />
                                Enter emailprime12225@gmail.com to email field [[ChromeDriver: chrome on WINDOWS (9c16adfa17417ccf4d77800e2ffc638c)] -&gt; xpath: //input[@id=&apos;email_create&apos;]]&lt;br&gt;<br />
                                Clicking on CreateAccount[[ChromeDriver: chrome on WINDOWS (9c16adfa17417ccf4d77800e2ffc638c)] -&gt; xpath: //body[1]/div[1]/div[2]/div[1]/div[3]/div[1]/div[1]/div[1]/form[1]/div[1]/div[3]/button[1]/span[1]]&lt;br&gt;<br />
                                Clicking on Gender buttonProxy element for: DefaultElementLocator &apos;By.xpath: //input[@id=&apos;id_gender2&apos;]&apos;&lt;br&gt;<br />
                  </div>
    

        <a href="javascript:toggleElement('exception-0', 'block')" title="Click to expand/collapse"><b>org.openqa.selenium.NoSuchElementException: no such element: Unable to locate element: {&quot;method&quot;:&quot;xpath&quot;,&quot;selector&quot;:&quot;//input[@id=&apos;id_gender2&apos;]&quot;}<br/>
&nbsp; (Session info: chrome=101.0.4951.54)<br/>
For documentation on this error, please visit: https://selenium.dev/exceptions/#no_such_element<br/>
Build info: version: &apos;4.1.4&apos;, revision: &apos;535d840ee2&apos;<br/>
System info: host: &apos;KEYOU&apos;, ip: &apos;192.168.1.213&apos;, os.name: &apos;Windows 10&apos;, os.arch: &apos;amd64&apos;, os.version: &apos;10.0&apos;, java.version: &apos;1.8.0_121&apos;<br/>
Driver info: org.openqa.selenium.chrome.ChromeDriver<br/>
Command: [9c16adfa17417ccf4d77800e2ffc638c, findElement {using=xpath, value=//input[@id=&apos;id_gender2&apos;]}]<br/>
Capabilities {acceptInsecureCerts: false, browserName: chrome, browserVersion: 101.0.4951.54, chrome: {chromedriverVersion: 101.0.4951.41 (93c720db8323..., userDataDir: C:\Users\mihir\AppData\Loca...}, goog:chromeOptions: {debuggerAddress: localhost:50934}, javascriptEnabled: true, networkConnectionEnabled: false, pageLoadStrategy: normal, platform: WINDOWS, platformName: WINDOWS, proxy: Proxy(), se:cdp: ws://localhost:50934/devtoo..., se:cdpVersion: 101.0.4951.54, setWindowRect: true, strictFileInteractability: false, timeouts: {implicit: 0, pageLoad: 300000, script: 30000}, unhandledPromptBehavior: dismiss and notify, webauthn:extension:credBlob: true, webauthn:extension:largeBlob: true, webauthn:virtualAuthenticators: true}<br/>
Session ID: 9c16adfa17417ccf4d77800e2ffc638c</b></a><br />
    <div class="stackTrace" id="exception-0">
              sun.reflect.NativeConstructorAccessorImpl.newInstance0(Native Method)<br />
              sun.reflect.NativeConstructorAccessorImpl.newInstance(NativeConstructorAccessorImpl.java:62)<br />
              sun.reflect.DelegatingConstructorAccessorImpl.newInstance(DelegatingConstructorAccessorImpl.java:45)<br />
              java.lang.reflect.Constructor.newInstance(Constructor.java:423)<br />
              org.openqa.selenium.remote.codec.w3c.W3CHttpResponseCodec.createException(W3CHttpResponseCodec.java:200)<br />
              org.openqa.selenium.remote.codec.w3c.W3CHttpResponseCodec.decode(W3CHttpResponseCodec.java:133)<br />
              org.openqa.selenium.remote.codec.w3c.W3CHttpResponseCodec.decode(W3CHttpResponseCodec.java:53)<br />
              org.openqa.selenium.remote.HttpCommandExecutor.execute(HttpCommandExecutor.java:184)<br />
              org.openqa.selenium.remote.service.DriverCommandExecutor.invokeExecute(DriverCommandExecutor.java:167)<br />
              org.openqa.selenium.remote.service.DriverCommandExecutor.execute(DriverCommandExecutor.java:142)<br />
              org.openqa.selenium.remote.RemoteWebDriver.execute(RemoteWebDriver.java:567)<br />
              org.openqa.selenium.remote.ElementLocation$ElementFinder$2.findElement(ElementLocation.java:162)<br />
              org.openqa.selenium.remote.ElementLocation.findElement(ElementLocation.java:60)<br />
              org.openqa.selenium.remote.RemoteWebDriver.findElement(RemoteWebDriver.java:385)<br />
              org.openqa.selenium.remote.RemoteWebDriver.findElement(RemoteWebDriver.java:377)<br />
              org.openqa.selenium.support.pagefactory.DefaultElementLocator.findElement(DefaultElementLocator.java:70)<br />
              org.openqa.selenium.support.pagefactory.internal.LocatingElementHandler.invoke(LocatingElementHandler.java:39)<br />
              com.sun.proxy.$Proxy14.click(Unknown Source)<br />
              com.automation.utility.Utility.clickOnElement(Utility.java:56)<br />
              com.automation.pages.CreateAccountPage.clickOnGenderRadioBtn(CreateAccountPage.java:87)<br />
              com.automation.testsuite.AccountPageTest.verifyThatUserShouldCreateAccountSuccessfully(AccountPageTest.java:32)<br />
              sun.reflect.NativeMethodAccessorImpl.invoke0(Native Method)<br />
              sun.reflect.NativeMethodAccessorImpl.invoke(NativeMethodAccessorImpl.java:62)<br />
              sun.reflect.DelegatingMethodAccessorImpl.invoke(DelegatingMethodAccessorImpl.java:43)<br />
              java.lang.reflect.Method.invoke(Method.java:498)<br />
              org.testng.internal.invokers.MethodInvocationHelper.invokeMethod(MethodInvocationHelper.java:135)<br />
              org.testng.internal.invokers.TestInvoker.invokeMethod(TestInvoker.java:673)<br />
              org.testng.internal.invokers.TestInvoker.invokeTestMethod(TestInvoker.java:220)<br />
              org.testng.internal.invokers.MethodRunner.runInSequence(MethodRunner.java:50)<br />
              org.testng.internal.invokers.TestInvoker$MethodInvocationAgent.invoke(TestInvoker.java:945)<br />
              org.testng.internal.invokers.TestInvoker.invokeTestMethods(TestInvoker.java:193)<br />
              org.testng.internal.invokers.TestMethodWorker.invokeTestMethods(TestMethodWorker.java:146)<br />
              org.testng.internal.invokers.TestMethodWorker.run(TestMethodWorker.java:128)<br />
              java.util.ArrayList.forEach(ArrayList.java:1249)<br />
              org.testng.TestRunner.privateRun(TestRunner.java:808)<br />
              org.testng.TestRunner.run(TestRunner.java:603)<br />
              org.testng.SuiteRunner.runTest(SuiteRunner.java:429)<br />
              org.testng.SuiteRunner.runSequentially(SuiteRunner.java:423)<br />
              org.testng.SuiteRunner.privateRun(SuiteRunner.java:383)<br />
              org.testng.SuiteRunner.run(SuiteRunner.java:326)<br />
              org.testng.SuiteRunnerWorker.runSuite(SuiteRunnerWorker.java:52)<br />
              org.testng.SuiteRunnerWorker.run(SuiteRunnerWorker.java:95)<br />
              org.testng.TestNG.runSuitesSequentially(TestNG.java:1249)<br />
              org.testng.TestNG.runSuitesLocally(TestNG.java:1169)<br />
              org.testng.TestNG.runSuites(TestNG.java:1092)<br />
              org.testng.TestNG.run(TestNG.java:1060)<br />
              com.intellij.rt.testng.IDEARemoteTestNG.run(IDEARemoteTestNG.java:66)<br />
              com.intellij.rt.testng.RemoteTestNGStarter.main(RemoteTestNGStarter.java:109)<br />
                </div>
      </td>
</tr>
          <tr>
        <td colspan="3" class="group">com.automation.testsuite.WomenCategoryPageTest</td>
      </tr>
            
<tr>
  <td class="method">
                  verifyUserShouldAddProductToTheCartSuccessfully
      </td>
  <td class="duration">
    44.808s
  </td>
  <td class="result">
        
          <i>Method arguments: </i><span class="arguments">"Printed Summer Dress with Price $28.98", "2", "M", "Blue"</span><br />
    
            <div class="testOutput">
                        Clicking on WomenHeader[[ChromeDriver: chrome on WINDOWS (20771a9832b13e5ca42af1dadca2286d)] -&gt; xpath: //header/div[3]/div[1]/div[1]/div[6]/ul[1]/li[1]/a[1]]&lt;br&gt;<br />
                                Clicking on Printed Summer Dress with Price tag $28.98 [[ChromeDriver: chrome on WINDOWS (20771a9832b13e5ca42af1dadca2286d)] -&gt; xpath: //body/div[@id=&apos;page&apos;]/div[2]/div[1]/div[3]/div[2]/ul[1]/li[3]/div[1]/div[2]/h5[1]/a[1]]<br />
                                clear Quantity[[ChromeDriver: chrome on WINDOWS (20771a9832b13e5ca42af1dadca2286d)] -&gt; xpath: //input[@id=&apos;quantity_wanted&apos;]]&lt;br&gt;<br />
                                Enter email2 to email field [[ChromeDriver: chrome on WINDOWS (20771a9832b13e5ca42af1dadca2286d)] -&gt; xpath: //input[@id=&apos;quantity_wanted&apos;]]&lt;br&gt;<br />
                                Selecting SizeM from dropdown [[ChromeDriver: chrome on WINDOWS (20771a9832b13e5ca42af1dadca2286d)] -&gt; xpath: //select[@id=&apos;group_1&apos;]]&lt;br&gt;<br />
                                Clicking on ColourProxy element for: DefaultElementLocator &apos;By.xpath: //a[@id=&apos;color_20&apos;]&apos;&lt;br&gt;<br />
                  </div>
    

        <a href="javascript:toggleElement('exception-1', 'block')" title="Click to expand/collapse"><b>org.openqa.selenium.NoSuchElementException: no such element: Unable to locate element: {&quot;method&quot;:&quot;xpath&quot;,&quot;selector&quot;:&quot;//a[@id=&apos;color_20&apos;]&quot;}<br/>
&nbsp; (Session info: chrome=101.0.4951.54)<br/>
For documentation on this error, please visit: https://selenium.dev/exceptions/#no_such_element<br/>
Build info: version: &apos;4.1.4&apos;, revision: &apos;535d840ee2&apos;<br/>
System info: host: &apos;KEYOU&apos;, ip: &apos;192.168.1.213&apos;, os.name: &apos;Windows 10&apos;, os.arch: &apos;amd64&apos;, os.version: &apos;10.0&apos;, java.version: &apos;1.8.0_121&apos;<br/>
Driver info: org.openqa.selenium.chrome.ChromeDriver<br/>
Command: [20771a9832b13e5ca42af1dadca2286d, findElement {using=xpath, value=//a[@id=&apos;color_20&apos;]}]<br/>
Capabilities {acceptInsecureCerts: false, browserName: chrome, browserVersion: 101.0.4951.54, chrome: {chromedriverVersion: 101.0.4951.41 (93c720db8323..., userDataDir: C:\Users\mihir\AppData\Loca...}, goog:chromeOptions: {debuggerAddress: localhost:51060}, javascriptEnabled: true, networkConnectionEnabled: false, pageLoadStrategy: normal, platform: WINDOWS, platformName: WINDOWS, proxy: Proxy(), se:cdp: ws://localhost:51060/devtoo..., se:cdpVersion: 101.0.4951.54, setWindowRect: true, strictFileInteractability: false, timeouts: {implicit: 0, pageLoad: 300000, script: 30000}, unhandledPromptBehavior: dismiss and notify, webauthn:extension:credBlob: true, webauthn:extension:largeBlob: true, webauthn:virtualAuthenticators: true}<br/>
Session ID: 20771a9832b13e5ca42af1dadca2286d</b></a><br />
    <div class="stackTrace" id="exception-1">
              sun.reflect.NativeConstructorAccessorImpl.newInstance0(Native Method)<br />
              sun.reflect.NativeConstructorAccessorImpl.newInstance(NativeConstructorAccessorImpl.java:62)<br />
              sun.reflect.DelegatingConstructorAccessorImpl.newInstance(DelegatingConstructorAccessorImpl.java:45)<br />
              java.lang.reflect.Constructor.newInstance(Constructor.java:423)<br />
              org.openqa.selenium.remote.codec.w3c.W3CHttpResponseCodec.createException(W3CHttpResponseCodec.java:200)<br />
              org.openqa.selenium.remote.codec.w3c.W3CHttpResponseCodec.decode(W3CHttpResponseCodec.java:133)<br />
              org.openqa.selenium.remote.codec.w3c.W3CHttpResponseCodec.decode(W3CHttpResponseCodec.java:53)<br />
              org.openqa.selenium.remote.HttpCommandExecutor.execute(HttpCommandExecutor.java:184)<br />
              org.openqa.selenium.remote.service.DriverCommandExecutor.invokeExecute(DriverCommandExecutor.java:167)<br />
              org.openqa.selenium.remote.service.DriverCommandExecutor.execute(DriverCommandExecutor.java:142)<br />
              org.openqa.selenium.remote.RemoteWebDriver.execute(RemoteWebDriver.java:567)<br />
              org.openqa.selenium.remote.ElementLocation$ElementFinder$2.findElement(ElementLocation.java:162)<br />
              org.openqa.selenium.remote.ElementLocation.findElement(ElementLocation.java:60)<br />
              org.openqa.selenium.remote.RemoteWebDriver.findElement(RemoteWebDriver.java:385)<br />
              org.openqa.selenium.remote.RemoteWebDriver.findElement(RemoteWebDriver.java:377)<br />
              org.openqa.selenium.support.pagefactory.DefaultElementLocator.findElement(DefaultElementLocator.java:70)<br />
              org.openqa.selenium.support.pagefactory.internal.LocatingElementHandler.invoke(LocatingElementHandler.java:39)<br />
              com.sun.proxy.$Proxy14.click(Unknown Source)<br />
              com.automation.utility.Utility.clickOnElement(Utility.java:56)<br />
              com.automation.pages.ProductPage.selectColour(ProductPage.java:125)<br />
              com.automation.testsuite.WomenCategoryPageTest.verifyUserShouldAddProductToTheCartSuccessfully(WomenCategoryPageTest.java:41)<br />
              sun.reflect.NativeMethodAccessorImpl.invoke0(Native Method)<br />
              sun.reflect.NativeMethodAccessorImpl.invoke(NativeMethodAccessorImpl.java:62)<br />
              sun.reflect.DelegatingMethodAccessorImpl.invoke(DelegatingMethodAccessorImpl.java:43)<br />
              java.lang.reflect.Method.invoke(Method.java:498)<br />
              org.testng.internal.invokers.MethodInvocationHelper.invokeMethod(MethodInvocationHelper.java:135)<br />
              org.testng.internal.invokers.TestInvoker.invokeMethod(TestInvoker.java:673)<br />
              org.testng.internal.invokers.TestInvoker.invokeTestMethod(TestInvoker.java:220)<br />
              org.testng.internal.invokers.MethodRunner.runInSequence(MethodRunner.java:50)<br />
              org.testng.internal.invokers.TestInvoker$MethodInvocationAgent.invoke(TestInvoker.java:945)<br />
              org.testng.internal.invokers.TestInvoker.invokeTestMethods(TestInvoker.java:193)<br />
              org.testng.internal.invokers.TestMethodWorker.invokeTestMethods(TestMethodWorker.java:146)<br />
              org.testng.internal.invokers.TestMethodWorker.run(TestMethodWorker.java:128)<br />
              java.util.ArrayList.forEach(ArrayList.java:1249)<br />
              org.testng.TestRunner.privateRun(TestRunner.java:808)<br />
              org.testng.TestRunner.run(TestRunner.java:603)<br />
              org.testng.SuiteRunner.runTest(SuiteRunner.java:429)<br />
              org.testng.SuiteRunner.runSequentially(SuiteRunner.java:423)<br />
              org.testng.SuiteRunner.privateRun(SuiteRunner.java:383)<br />
              org.testng.SuiteRunner.run(SuiteRunner.java:326)<br />
              org.testng.SuiteRunnerWorker.runSuite(SuiteRunnerWorker.java:52)<br />
              org.testng.SuiteRunnerWorker.run(SuiteRunnerWorker.java:95)<br />
              org.testng.TestNG.runSuitesSequentially(TestNG.java:1249)<br />
              org.testng.TestNG.runSuitesLocally(TestNG.java:1169)<br />
              org.testng.TestNG.runSuites(TestNG.java:1092)<br />
              org.testng.TestNG.run(TestNG.java:1060)<br />
              com.intellij.rt.testng.IDEARemoteTestNG.run(IDEARemoteTestNG.java:66)<br />
              com.intellij.rt.testng.RemoteTestNGStarter.main(RemoteTestNGStarter.java:109)<br />
                </div>
      </td>
</tr>
      </table>


  <table class="resultsTable">
    <tr><th colspan="3" class="header passed">Passed Tests</th></tr>
          <tr>
        <td colspan="3" class="group">com.automation.testsuite.SignInPageTest</td>
      </tr>
            
<tr>
  <td class="method">
                  userShouldNavigateToSignInPageSuccessFully
      </td>
  <td class="duration">
    1.289s
  </td>
  <td class="result">
        
    
            <div class="testOutput">
                        Clicking on SignInHeader[[ChromeDriver: chrome on WINDOWS (8228c0a6c9237f43566da21d80da244a)] -&gt; xpath: //a[contains(text(),&apos;Sign in&apos;)]]&lt;br&gt;<br />
                                getting Authentification text from [[ChromeDriver: chrome on WINDOWS (8228c0a6c9237f43566da21d80da244a)] -&gt; xpath: //h1[contains(text(),&apos;Authentication&apos;)]]&lt;br&gt;<br />
                  </div>
    

      </td>
</tr>
<tr>
  <td class="method">
                  verifyThatUserShouldLogInSuccessFullyWithValidCredentials
      </td>
  <td class="duration">
    1.926s
  </td>
  <td class="result">
        
    
            <div class="testOutput">
                        Clicking on SignInHeader[[ChromeDriver: chrome on WINDOWS (ef0f26c363ea09e14d4f5ee09e61c314)] -&gt; xpath: //a[contains(text(),&apos;Sign in&apos;)]]&lt;br&gt;<br />
                                Enter emailprime123@gmail.com to email field [[ChromeDriver: chrome on WINDOWS (ef0f26c363ea09e14d4f5ee09e61c314)] -&gt; xpath: //input[@id=&apos;email&apos;]]&lt;br&gt;<br />
                                Enter Passwordabc123 to email field [[ChromeDriver: chrome on WINDOWS (ef0f26c363ea09e14d4f5ee09e61c314)] -&gt; xpath: //input[@id=&apos;passwd&apos;]]&lt;br&gt;<br />
                                Clicking on SignIn[[ChromeDriver: chrome on WINDOWS (ef0f26c363ea09e14d4f5ee09e61c314)] -&gt; xpath: //body[1]/div[1]/div[2]/div[1]/div[3]/div[1]/div[1]/div[2]/form[1]/div[1]/p[2]/button[1]/span[1]]&lt;br&gt;<br />
                                getting signout from [[ChromeDriver: chrome on WINDOWS (ef0f26c363ea09e14d4f5ee09e61c314)] -&gt; xpath: //header/div[2]/div[1]/div[1]/nav[1]/div[2]/a[1]]&lt;br&gt;<br />
                  </div>
    

      </td>
</tr>
<tr>
  <td class="method">
                  verifyThatUserShouldLogOutSuccessFully
      </td>
  <td class="duration">
    3.715s
  </td>
  <td class="result">
        
    
            <div class="testOutput">
                        Clicking on SignInHeader[[ChromeDriver: chrome on WINDOWS (a6d141de08a7f44b4b083a980b0c0107)] -&gt; xpath: //a[contains(text(),&apos;Sign in&apos;)]]&lt;br&gt;<br />
                                Enter emailprime122@gmail.com to email field [[ChromeDriver: chrome on WINDOWS (a6d141de08a7f44b4b083a980b0c0107)] -&gt; xpath: //input[@id=&apos;email&apos;]]&lt;br&gt;<br />
                                Enter Passwordabc321 to email field [[ChromeDriver: chrome on WINDOWS (a6d141de08a7f44b4b083a980b0c0107)] -&gt; xpath: //input[@id=&apos;passwd&apos;]]&lt;br&gt;<br />
                                Clicking on SignIn[[ChromeDriver: chrome on WINDOWS (a6d141de08a7f44b4b083a980b0c0107)] -&gt; xpath: //body[1]/div[1]/div[2]/div[1]/div[3]/div[1]/div[1]/div[2]/form[1]/div[1]/p[2]/button[1]/span[1]]&lt;br&gt;<br />
                                getting signout text from [[ChromeDriver: chrome on WINDOWS (a6d141de08a7f44b4b083a980b0c0107)] -&gt; xpath: //a[contains(text(),&apos;Sign in&apos;)]]&lt;br&gt;<br />
                                Clicking on SignOutLink[[ChromeDriver: chrome on WINDOWS (a6d141de08a7f44b4b083a980b0c0107)] -&gt; xpath: //header/div[2]/div[1]/div[1]/nav[1]/div[2]/a[1]]&lt;br&gt;<br />
                  </div>
    

      </td>
</tr>
<tr>
  <td class="method">
                  verifyTheErrorMessageWithInValidCredentials
      </td>
  <td class="duration">
    3.144s
  </td>
  <td class="result">
        
          <i>Method arguments: </i><span class="arguments">"abcd@gmail.com", "123456", "Invalid email address."</span><br />
    
            <div class="testOutput">
                        Clicking on SignInHeader[[ChromeDriver: chrome on WINDOWS (305115215365d4942efae25dfac21312)] -&gt; xpath: //a[contains(text(),&apos;Sign in&apos;)]]&lt;br&gt;<br />
                                Enter emailabcd@gmail.com to email field [[ChromeDriver: chrome on WINDOWS (305115215365d4942efae25dfac21312)] -&gt; xpath: //input[@id=&apos;email&apos;]]&lt;br&gt;<br />
                                Enter Password123456 to email field [[ChromeDriver: chrome on WINDOWS (305115215365d4942efae25dfac21312)] -&gt; xpath: //input[@id=&apos;passwd&apos;]]&lt;br&gt;<br />
                                Clicking on SignIn[[ChromeDriver: chrome on WINDOWS (305115215365d4942efae25dfac21312)] -&gt; xpath: //body[1]/div[1]/div[2]/div[1]/div[3]/div[1]/div[1]/div[2]/form[1]/div[1]/p[2]/button[1]/span[1]]&lt;br&gt;<br />
                                getting Error text from [[ChromeDriver: chrome on WINDOWS (305115215365d4942efae25dfac21312)] -&gt; xpath: //div[@class=&apos;alert alert-danger&apos;]//li]&lt;br&gt;<br />
                  </div>
    

      </td>
</tr>
<tr>
  <td class="method">
                  verifyTheErrorMessageWithInValidCredentials
      </td>
  <td class="duration">
    2.581s
  </td>
  <td class="result">
        
          <i>Method arguments: </i><span class="arguments">"  ", "123456", "An email address required."</span><br />
    
            <div class="testOutput">
                        Clicking on SignInHeader[[ChromeDriver: chrome on WINDOWS (efc558e04536bafa183181360cf32cab)] -&gt; xpath: //a[contains(text(),&apos;Sign in&apos;)]]&lt;br&gt;<br />
                                Enter email&nbsp;&nbsp; to email field [[ChromeDriver: chrome on WINDOWS (efc558e04536bafa183181360cf32cab)] -&gt; xpath: //input[@id=&apos;email&apos;]]&lt;br&gt;<br />
                                Enter Password123456 to email field [[ChromeDriver: chrome on WINDOWS (efc558e04536bafa183181360cf32cab)] -&gt; xpath: //input[@id=&apos;passwd&apos;]]&lt;br&gt;<br />
                                Clicking on SignIn[[ChromeDriver: chrome on WINDOWS (efc558e04536bafa183181360cf32cab)] -&gt; xpath: //body[1]/div[1]/div[2]/div[1]/div[3]/div[1]/div[1]/div[2]/form[1]/div[1]/p[2]/button[1]/span[1]]&lt;br&gt;<br />
                                getting Error text from [[ChromeDriver: chrome on WINDOWS (efc558e04536bafa183181360cf32cab)] -&gt; xpath: //div[@class=&apos;alert alert-danger&apos;]//li]&lt;br&gt;<br />
                  </div>
    

      </td>
</tr>
<tr>
  <td class="method">
                  verifyTheErrorMessageWithInValidCredentials
      </td>
  <td class="duration">
    1.995s
  </td>
  <td class="result">
        
          <i>Method arguments: </i><span class="arguments">" abcd@gmail.com", "   ", "Password is required. "</span><br />
    
            <div class="testOutput">
                        Clicking on SignInHeader[[ChromeDriver: chrome on WINDOWS (e4f76e61d98efb30eb197e19b5ba4e0d)] -&gt; xpath: //a[contains(text(),&apos;Sign in&apos;)]]&lt;br&gt;<br />
                                Enter email abcd@gmail.com to email field [[ChromeDriver: chrome on WINDOWS (e4f76e61d98efb30eb197e19b5ba4e0d)] -&gt; xpath: //input[@id=&apos;email&apos;]]&lt;br&gt;<br />
                                Enter Password&nbsp;&nbsp;&nbsp; to email field [[ChromeDriver: chrome on WINDOWS (e4f76e61d98efb30eb197e19b5ba4e0d)] -&gt; xpath: //input[@id=&apos;passwd&apos;]]&lt;br&gt;<br />
                                Clicking on SignIn[[ChromeDriver: chrome on WINDOWS (e4f76e61d98efb30eb197e19b5ba4e0d)] -&gt; xpath: //body[1]/div[1]/div[2]/div[1]/div[3]/div[1]/div[1]/div[2]/form[1]/div[1]/p[2]/button[1]/span[1]]&lt;br&gt;<br />
                                getting Error text from [[ChromeDriver: chrome on WINDOWS (e4f76e61d98efb30eb197e19b5ba4e0d)] -&gt; xpath: //div[@class=&apos;alert alert-danger&apos;]//li]&lt;br&gt;<br />
                  </div>
    

      </td>
</tr>
<tr>
  <td class="method">
                  verifyTheErrorMessageWithInValidCredentials
      </td>
  <td class="duration">
    3.711s
  </td>
  <td class="result">
        
          <i>Method arguments: </i><span class="arguments">"abcd@gmail.com ", "123456", "Authentication failed."</span><br />
    
            <div class="testOutput">
                        Clicking on SignInHeader[[ChromeDriver: chrome on WINDOWS (45b3644673b1e985a03ba68276acc394)] -&gt; xpath: //a[contains(text(),&apos;Sign in&apos;)]]&lt;br&gt;<br />
                                Enter emailabcd@gmail.com&nbsp; to email field [[ChromeDriver: chrome on WINDOWS (45b3644673b1e985a03ba68276acc394)] -&gt; xpath: //input[@id=&apos;email&apos;]]&lt;br&gt;<br />
                                Enter Password123456 to email field [[ChromeDriver: chrome on WINDOWS (45b3644673b1e985a03ba68276acc394)] -&gt; xpath: //input[@id=&apos;passwd&apos;]]&lt;br&gt;<br />
                                Clicking on SignIn[[ChromeDriver: chrome on WINDOWS (45b3644673b1e985a03ba68276acc394)] -&gt; xpath: //body[1]/div[1]/div[2]/div[1]/div[3]/div[1]/div[1]/div[2]/form[1]/div[1]/p[2]/button[1]/span[1]]&lt;br&gt;<br />
                                getting Error text from [[ChromeDriver: chrome on WINDOWS (45b3644673b1e985a03ba68276acc394)] -&gt; xpath: //div[@class=&apos;alert alert-danger&apos;]//li]&lt;br&gt;<br />
                  </div>
    

      </td>
</tr>
          <tr>
        <td colspan="3" class="group">com.automation.testsuite.WomenCategoryPageTest</td>
      </tr>
            
<tr>
  <td class="method">
                  verifyUserShouldAddProductToTheCartSuccessfully
      </td>
  <td class="duration">
    8.122s
  </td>
  <td class="result">
        
          <i>Method arguments: </i><span class="arguments">"Blouse", "2", "M", "White"</span><br />
    
            <div class="testOutput">
                        Clicking on WomenHeader[[ChromeDriver: chrome on WINDOWS (40e0e985dc5e4639c3b43c1cf5e4594a)] -&gt; xpath: //header/div[3]/div[1]/div[1]/div[6]/ul[1]/li[1]/a[1]]&lt;br&gt;<br />
                                Clicking on Blouse [[ChromeDriver: chrome on WINDOWS (40e0e985dc5e4639c3b43c1cf5e4594a)] -&gt; xpath: //body/div[@id=&apos;page&apos;]/div[2]/div[1]/div[3]/div[2]/ul[1]/li[2]/div[1]/div[2]/h5[1]/a[1]]<br />
                                clear Quantity[[ChromeDriver: chrome on WINDOWS (40e0e985dc5e4639c3b43c1cf5e4594a)] -&gt; xpath: //input[@id=&apos;quantity_wanted&apos;]]&lt;br&gt;<br />
                                Enter email2 to email field [[ChromeDriver: chrome on WINDOWS (40e0e985dc5e4639c3b43c1cf5e4594a)] -&gt; xpath: //input[@id=&apos;quantity_wanted&apos;]]&lt;br&gt;<br />
                                Selecting SizeM from dropdown [[ChromeDriver: chrome on WINDOWS (40e0e985dc5e4639c3b43c1cf5e4594a)] -&gt; xpath: //select[@id=&apos;group_1&apos;]]&lt;br&gt;<br />
                                Clicking on Colour[[ChromeDriver: chrome on WINDOWS (40e0e985dc5e4639c3b43c1cf5e4594a)] -&gt; xpath: //a[@name=&apos;White&apos;]]&lt;br&gt;<br />
                                Clicking on AddToCart[[ChromeDriver: chrome on WINDOWS (40e0e985dc5e4639c3b43c1cf5e4594a)] -&gt; xpath: //span[contains(text(),&apos;Add to cart&apos;)]]&lt;br&gt;<br />
                                getting Product Added To CartMessage from [[ChromeDriver: chrome on WINDOWS (40e0e985dc5e4639c3b43c1cf5e4594a)] -&gt; xpath: //h2[normalize-space()=&apos;Product successfully added to your shopping cart&apos;]]&lt;br&gt;<br />
                                Clicking on CloseButton[[ChromeDriver: chrome on WINDOWS (40e0e985dc5e4639c3b43c1cf5e4594a)] -&gt; xpath: //span[@title=&apos;Close window&apos;]]&lt;br&gt;<br />
                  </div>
    

      </td>
</tr>
<tr>
  <td class="method">
                  verifyUserShouldAddProductToTheCartSuccessfully
      </td>
  <td class="duration">
    7.252s
  </td>
  <td class="result">
        
          <i>Method arguments: </i><span class="arguments">"Printed Chiffon Dress", "4", "S", "Yellow"</span><br />
    
            <div class="testOutput">
                        Clicking on WomenHeader[[ChromeDriver: chrome on WINDOWS (800e425805f77db9664254eebbbea5ce)] -&gt; xpath: //header/div[3]/div[1]/div[1]/div[6]/ul[1]/li[1]/a[1]]&lt;br&gt;<br />
                                Clicking on Printed Chiffon Dress [[ChromeDriver: chrome on WINDOWS (800e425805f77db9664254eebbbea5ce)] -&gt; xpath: //a[contains(text(),&apos;Printed Chiffon Dress&apos;)]]<br />
                                clear Quantity[[ChromeDriver: chrome on WINDOWS (800e425805f77db9664254eebbbea5ce)] -&gt; xpath: //input[@id=&apos;quantity_wanted&apos;]]&lt;br&gt;<br />
                                Enter email4 to email field [[ChromeDriver: chrome on WINDOWS (800e425805f77db9664254eebbbea5ce)] -&gt; xpath: //input[@id=&apos;quantity_wanted&apos;]]&lt;br&gt;<br />
                                Selecting SizeS from dropdown [[ChromeDriver: chrome on WINDOWS (800e425805f77db9664254eebbbea5ce)] -&gt; xpath: //select[@id=&apos;group_1&apos;]]&lt;br&gt;<br />
                                Clicking on AddToCart[[ChromeDriver: chrome on WINDOWS (800e425805f77db9664254eebbbea5ce)] -&gt; xpath: //span[contains(text(),&apos;Add to cart&apos;)]]&lt;br&gt;<br />
                                getting Product Added To CartMessage from [[ChromeDriver: chrome on WINDOWS (800e425805f77db9664254eebbbea5ce)] -&gt; xpath: //h2[normalize-space()=&apos;Product successfully added to your shopping cart&apos;]]&lt;br&gt;<br />
                                Clicking on CloseButton[[ChromeDriver: chrome on WINDOWS (800e425805f77db9664254eebbbea5ce)] -&gt; xpath: //span[@title=&apos;Close window&apos;]]&lt;br&gt;<br />
                  </div>
    

      </td>
</tr>
<tr>
  <td class="method">
                  verifyUserShouldAddProductToTheCartSuccessfully
      </td>
  <td class="duration">
    6.025s
  </td>
  <td class="result">
        
          <i>Method arguments: </i><span class="arguments">"Printed Dress", "3", "L", "Orange"</span><br />
    
            <div class="testOutput">
                        Clicking on WomenHeader[[ChromeDriver: chrome on WINDOWS (2b2abc805f00bb61b62f079aef5745da)] -&gt; xpath: //header/div[3]/div[1]/div[1]/div[6]/ul[1]/li[1]/a[1]]&lt;br&gt;<br />
                                Clicking on Printed Dress [[ChromeDriver: chrome on WINDOWS (2b2abc805f00bb61b62f079aef5745da)] -&gt; xpath: //body/div[@id=&apos;page&apos;]/div[2]/div[1]/div[3]/div[2]/ul[1]/li[1]/div[1]/div[2]/h5[1]/a[1]]<br />
                                clear Quantity[[ChromeDriver: chrome on WINDOWS (2b2abc805f00bb61b62f079aef5745da)] -&gt; xpath: //input[@id=&apos;quantity_wanted&apos;]]&lt;br&gt;<br />
                                Enter email3 to email field [[ChromeDriver: chrome on WINDOWS (2b2abc805f00bb61b62f079aef5745da)] -&gt; xpath: //input[@id=&apos;quantity_wanted&apos;]]&lt;br&gt;<br />
                                Selecting SizeL from dropdown [[ChromeDriver: chrome on WINDOWS (2b2abc805f00bb61b62f079aef5745da)] -&gt; xpath: //select[@id=&apos;group_1&apos;]]&lt;br&gt;<br />
                                Clicking on Colour[[ChromeDriver: chrome on WINDOWS (2b2abc805f00bb61b62f079aef5745da)] -&gt; xpath: //a[@name=&apos;Orange&apos;]]&lt;br&gt;<br />
                                Clicking on AddToCart[[ChromeDriver: chrome on WINDOWS (2b2abc805f00bb61b62f079aef5745da)] -&gt; xpath: //span[contains(text(),&apos;Add to cart&apos;)]]&lt;br&gt;<br />
                                getting Product Added To CartMessage from [[ChromeDriver: chrome on WINDOWS (2b2abc805f00bb61b62f079aef5745da)] -&gt; xpath: //h2[normalize-space()=&apos;Product successfully added to your shopping cart&apos;]]&lt;br&gt;<br />
                                Clicking on CloseButton[[ChromeDriver: chrome on WINDOWS (2b2abc805f00bb61b62f079aef5745da)] -&gt; xpath: //span[@title=&apos;Close window&apos;]]&lt;br&gt;<br />
                  </div>
    

      </td>
</tr>
<tr>
  <td class="method">
                  verifyUserShouldNavigateToWomenCategoryPageSuccessfully
      </td>
  <td class="duration">
    1.259s
  </td>
  <td class="result">
        
    
            <div class="testOutput">
                        Clicking on WomenHeader[[ChromeDriver: chrome on WINDOWS (dea2e6ecbcde2e08c4f66337acf61e89)] -&gt; xpath: //header/div[3]/div[1]/div[1]/div[6]/ul[1]/li[1]/a[1]]&lt;br&gt;<br />
                                getting Women text from [[ChromeDriver: chrome on WINDOWS (dea2e6ecbcde2e08c4f66337acf61e89)] -&gt; xpath: //span[@class=&apos;category-name&apos;]]&lt;br&gt;<br />
                  </div>
    

      </td>
</tr>
      </table>
  
</body>
</html>
